
2023-09-22 01:40:18 INFO  ClienteManagerTestCase:42 - Inicializando Prueba ...

2023-09-22 01:40:18 INFO  ClienteManagerTestCase:101 - Prueba de Cantidad de Compras....

2023-09-22 01:40:18 INFO  ClienteManager:40 - Se agrego al cliente: name1
2023-09-22 01:40:18 INFO  ClienteManager:41 - Tipo de Cliente: ClienteCuentaCorriente
2023-09-22 01:40:18 INFO  ClienteManager:42 - Id Cliente: 3
2023-09-22 01:40:18 INFO  ClienteManager:43 - Cantidad De compras: 0
2023-09-22 01:40:18 ERROR ClienteManagerTestCase:111 - Exception-cantidadDeCompras: Correo o dni repetido
2023-09-22 01:40:18 INFO  ClienteManagerTestCase:113 - Exception-cantidadDeCompras: Correo o dni repetido
2023-09-22 01:40:18 INFO  ClienteManagerTestCase:77 - Borrando listaClientes....

2023-09-22 01:40:18 INFO  ClienteManagerTestCase:121 - Prueba de Importe recuadado por localidad...
2023-09-22 01:40:18 INFO  ClienteManager:40 - Se agrego al cliente: name1
2023-09-22 01:40:18 INFO  ClienteManager:41 - Tipo de Cliente: ClienteCuentaCorriente
2023-09-22 01:40:18 INFO  ClienteManager:42 - Id Cliente: 3
2023-09-22 01:40:18 INFO  ClienteManager:43 - Cantidad De compras: 0
2023-09-22 01:40:18 INFO  ClienteManagerTestCase:77 - Borrando listaClientes....

2023-09-22 01:40:18 INFO  ClienteManagerTestCase:84 - Prueba de Registro de Clientes ...

2023-09-22 01:40:18 INFO  ClienteManager:40 - Se agrego al cliente: name1
2023-09-22 01:40:18 INFO  ClienteManager:41 - Tipo de Cliente: ClienteCuentaCorriente
2023-09-22 01:40:18 INFO  ClienteManager:42 - Id Cliente: 3
2023-09-22 01:40:18 INFO  ClienteManager:43 - Cantidad De compras: 0
2023-09-22 01:40:18 INFO  ClienteManagerTestCase:77 - Borrando listaClientes....

2023-09-22 01:40:18 INFO  ClienteManagerTestCase:57 - Limpiando Variables ...
2023-09-22 01:40:18 INFO  ClienteManagerTestCase:67 - ******* Prueba Finalizada *******
2023-09-22 01:41:39 INFO  ClienteManagerTestCase:42 - Inicializando Prueba ...

2023-09-22 01:41:39 INFO  ClienteManagerTestCase:101 - Prueba de Cantidad de Compras....

2023-09-22 01:41:39 ERROR ClienteManagerTestCase:111 - Exception-cantidadDeCompras: Correo o dni repetido
2023-09-22 01:41:39 INFO  ClienteManagerTestCase:113 - Exception-cantidadDeCompras: Correo o dni repetido
2023-09-22 01:41:39 INFO  ClienteManagerTestCase:77 - Borrando listaClientes....

2023-09-22 01:41:39 INFO  ClienteManagerTestCase:121 - Prueba de Importe recuadado por localidad...
2023-09-22 01:41:39 INFO  ClienteManagerTestCase:77 - Borrando listaClientes....

2023-09-22 01:41:39 INFO  ClienteManagerTestCase:84 - Prueba de Registro de Clientes ...

2023-09-22 01:41:39 INFO  ClienteManagerTestCase:77 - Borrando listaClientes....

2023-09-22 01:41:39 INFO  ClienteManagerTestCase:57 - Limpiando Variables ...
2023-09-22 01:41:39 INFO  ClienteManagerTestCase:67 - ******* Prueba Finalizada *******
2023-09-22 01:43:41 INFO  ClienteManagerTestCase:43 - Inicializando Prueba ...

2023-09-22 01:43:41 INFO  ClienteManagerTestCase:102 - Prueba de Cantidad de Compras....

2023-09-22 01:43:41 ERROR ClienteManagerTestCase:112 - Exception-cantidadDeCompras: Correo o dni repetido
2023-09-22 01:43:41 INFO  ClienteManagerTestCase:114 - Exception-cantidadDeCompras: Correo o dni repetido
2023-09-22 01:43:41 INFO  ClienteManagerTestCase:78 - Borrando listaClientes....

2023-09-22 01:43:41 INFO  ClienteManagerTestCase:122 - Prueba de Importe recuadado por localidad...
2023-09-22 01:43:41 ERROR ClienteManagerTestCase:133 - Exception-importeTotalRecaudadoPorLocalidad: Correo o dni repetido
2023-09-22 01:43:41 INFO  ClienteManagerTestCase:135 - Exception-importeTotalRecaudadoPorLocalidad: Correo o dni repetido
2023-09-22 01:43:41 INFO  ClienteManagerTestCase:78 - Borrando listaClientes....

2023-09-22 01:43:41 INFO  ClienteManagerTestCase:85 - Prueba de Registro de Clientes ...

2023-09-22 01:43:41 INFO  ClienteManagerTestCase:78 - Borrando listaClientes....

2023-09-22 01:43:41 INFO  ClienteManagerTestCase:58 - Limpiando Variables ...
2023-09-22 01:43:41 INFO  ClienteManagerTestCase:68 - ******* Prueba Finalizada *******
2023-09-22 01:44:30 INFO  ClienteManagerTestCase:43 - Inicializando Prueba ...

2023-09-22 01:44:30 INFO  ClienteManagerTestCase:100 - Prueba de Cantidad de Compras....

2023-09-22 01:44:30 ERROR ClienteManagerTestCase:110 - Exception-cantidadDeCompras: Correo o dni repetido
2023-09-22 01:44:30 INFO  ClienteManagerTestCase:78 - Borrando listaClientes....

2023-09-22 01:44:30 INFO  ClienteManagerTestCase:119 - Prueba de Importe recuadado por localidad...
2023-09-22 01:44:30 ERROR ClienteManagerTestCase:130 - Exception-importeTotalRecaudadoPorLocalidad: Correo o dni repetido
2023-09-22 01:44:30 INFO  ClienteManagerTestCase:78 - Borrando listaClientes....

2023-09-22 01:44:30 INFO  ClienteManagerTestCase:85 - Prueba de Registro de Clientes ...

2023-09-22 01:44:30 ERROR ClienteManagerTestCase:93 - Exception-registrarCliente: Correo o dni repetido
2023-09-22 01:44:30 INFO  ClienteManagerTestCase:78 - Borrando listaClientes....

2023-09-22 01:44:30 INFO  ClienteManagerTestCase:58 - Limpiando Variables ...
2023-09-22 01:44:30 INFO  ClienteManagerTestCase:68 - ******* Prueba Finalizada *******
2023-09-22 01:49:01 INFO  ClienteManagerTestCase:43 - Inicializando Prueba ...

2023-09-22 01:49:01 INFO  ClienteManagerTestCase:100 - Prueba de Cantidad de Compras....

2023-09-22 01:49:01 ERROR ClienteManagerTestCase:110 - Exception-cantidadDeCompras: Correo o dni repetido
2023-09-22 01:49:01 INFO  ClienteManagerTestCase:78 - Borrando listaClientes....

2023-09-22 01:49:01 INFO  ClienteManagerTestCase:119 - Prueba de Importe recuadado por localidad...
2023-09-22 01:49:01 ERROR ClienteManagerTestCase:130 - Exception-importeTotalRecaudadoPorLocalidad: Correo o dni repetido
2023-09-22 01:49:01 INFO  ClienteManagerTestCase:78 - Borrando listaClientes....

2023-09-22 01:49:01 INFO  ClienteManagerTestCase:85 - Prueba de Registro de Clientes ...

2023-09-22 01:49:01 ERROR ClienteManagerTestCase:93 - Exception-registrarCliente: Correo o dni repetido
2023-09-22 01:49:01 INFO  ClienteManagerTestCase:78 - Borrando listaClientes....

2023-09-22 01:49:01 INFO  ClienteManagerTestCase:58 - Limpiando Variables ...
2023-09-22 01:49:01 INFO  ClienteManagerTestCase:68 - ******* Prueba Finalizada *******
2023-09-22 01:49:35 INFO  ClienteManagerTestCase:43 - Inicializando Prueba ...

2023-09-22 01:49:35 INFO  ClienteManagerTestCase:100 - Prueba de Cantidad de Compras....

2023-09-22 01:49:35 ERROR ClienteManagerTestCase:110 - Exception-cantidadDeCompras: Correo o dni repetido
2023-09-22 01:49:35 INFO  ClienteManagerTestCase:78 - Borrando listaClientes....

2023-09-22 01:49:35 INFO  ClienteManagerTestCase:119 - Prueba de Importe recuadado por localidad...
2023-09-22 01:49:35 INFO  ClienteManager:49 - Agregando 1 compra a: name1
2023-09-22 01:49:35 INFO  ClienteManager:49 - Agregando 1 compra a: name1
2023-09-22 01:49:35 INFO  ClienteManager:49 - Agregando 1 compra a: name2
2023-09-22 01:49:35 INFO  ClienteManager:49 - Agregando 1 compra a: name2
2023-09-22 01:49:35 ERROR ClienteManagerTestCase:130 - Exception-importeTotalRecaudadoPorLocalidad: El argumento no puede estar vacio
2023-09-22 01:49:35 INFO  ClienteManagerTestCase:78 - Borrando listaClientes....

2023-09-22 01:49:35 INFO  ClienteManagerTestCase:85 - Prueba de Registro de Clientes ...

2023-09-22 01:49:35 ERROR ClienteManagerTestCase:93 - Exception-registrarCliente: Correo o dni repetido
2023-09-22 01:49:35 INFO  ClienteManagerTestCase:78 - Borrando listaClientes....

2023-09-22 01:49:35 INFO  ClienteManagerTestCase:58 - Limpiando Variables ...
2023-09-22 01:49:35 INFO  ClienteManagerTestCase:68 - ******* Prueba Finalizada *******
2023-09-22 01:50:43 INFO  ClienteManagerTestCase:43 - Inicializando Prueba ...

2023-09-22 01:50:43 INFO  ClienteManagerTestCase:100 - Prueba de Cantidad de Compras....

2023-09-22 01:50:43 ERROR ClienteManagerTestCase:110 - Exception-cantidadDeCompras: Correo o dni repetido
2023-09-22 01:50:43 INFO  ClienteManagerTestCase:78 - Borrando listaClientes....

2023-09-22 01:50:43 INFO  ClienteManagerTestCase:119 - Prueba de Importe recuadado por localidad...
2023-09-22 01:50:43 INFO  ClienteManager:49 - Agregando 1 compra a: name1
2023-09-22 01:50:43 INFO  ClienteManager:49 - Agregando 1 compra a: name1
2023-09-22 01:50:43 INFO  ClienteManager:49 - Agregando 1 compra a: name2
2023-09-22 01:50:43 INFO  ClienteManager:49 - Agregando 1 compra a: name2
2023-09-22 01:50:43 ERROR ClienteManagerTestCase:130 - Exception-importeTotalRecaudadoPorLocalidad: El argumento no puede estar vacio
2023-09-22 01:50:43 INFO  ClienteManagerTestCase:78 - Borrando listaClientes....

2023-09-22 01:50:43 INFO  ClienteManagerTestCase:85 - Prueba de Registro de Clientes ...

2023-09-22 01:50:43 ERROR ClienteManagerTestCase:93 - Exception-registrarCliente: Correo o dni repetido
2023-09-22 01:50:43 INFO  ClienteManagerTestCase:78 - Borrando listaClientes....

2023-09-22 01:50:43 INFO  ClienteManagerTestCase:58 - Limpiando Variables ...
2023-09-22 01:50:43 INFO  ClienteManagerTestCase:68 - ******* Prueba Finalizada *******
2023-09-22 01:51:14 INFO  ClienteManagerTestCase:43 - Inicializando Prueba ...

2023-09-22 01:51:14 INFO  ClienteManagerTestCase:100 - Prueba de Cantidad de Compras....

2023-09-22 01:51:14 ERROR ClienteManagerTestCase:110 - Exception-cantidadDeCompras: Correo o dni repetido
2023-09-22 01:51:14 INFO  ClienteManagerTestCase:78 - Borrando listaClientes....

2023-09-22 01:51:14 INFO  ClienteManagerTestCase:119 - Prueba de Importe recuadado por localidad...
2023-09-22 01:51:14 INFO  ClienteManager:49 - Agregando 1 compra a: name1
2023-09-22 01:51:14 INFO  ClienteManager:49 - Agregando 1 compra a: name1
2023-09-22 01:51:14 INFO  ClienteManager:49 - Agregando 1 compra a: name2
2023-09-22 01:51:14 INFO  ClienteManager:49 - Agregando 1 compra a: name2
2023-09-22 01:51:14 INFO  ClienteManagerTestCase:78 - Borrando listaClientes....

2023-09-22 01:51:14 INFO  ClienteManagerTestCase:85 - Prueba de Registro de Clientes ...

2023-09-22 01:51:14 ERROR ClienteManagerTestCase:93 - Exception-registrarCliente: Correo o dni repetido
2023-09-22 01:51:14 INFO  ClienteManagerTestCase:78 - Borrando listaClientes....

2023-09-22 01:51:14 INFO  ClienteManagerTestCase:58 - Limpiando Variables ...
2023-09-22 01:51:14 INFO  ClienteManagerTestCase:68 - ******* Prueba Finalizada *******
2023-09-22 01:52:14 INFO  ClienteManagerTestCase:43 - Inicializando Prueba ...

2023-09-22 01:52:14 INFO  ClienteManagerTestCase:100 - Prueba de Cantidad de Compras....

2023-09-22 01:52:14 ERROR ClienteManagerTestCase:110 - Exception-cantidadDeCompras: Correo o dni repetido
2023-09-22 01:52:14 INFO  ClienteManagerTestCase:78 - Borrando listaClientes....

2023-09-22 01:52:14 INFO  ClienteManagerTestCase:119 - Prueba de Importe recuadado por localidad...
2023-09-22 01:52:14 INFO  ClienteManager:49 - Agregando 1 compra a: name1
2023-09-22 01:52:14 INFO  ClienteManager:49 - Agregando 1 compra a: name1
2023-09-22 01:52:14 INFO  ClienteManager:49 - Agregando 1 compra a: name2
2023-09-22 01:52:14 INFO  ClienteManager:49 - Agregando 1 compra a: name2
2023-09-22 01:52:14 INFO  ClienteManagerTestCase:78 - Borrando listaClientes....

2023-09-22 01:52:14 INFO  ClienteManagerTestCase:85 - Prueba de Registro de Clientes ...

2023-09-22 01:52:14 ERROR ClienteManagerTestCase:93 - Exception-registrarCliente: Correo o dni repetido
2023-09-22 01:52:14 INFO  ClienteManagerTestCase:78 - Borrando listaClientes....

2023-09-22 01:52:14 INFO  ClienteManagerTestCase:58 - Limpiando Variables ...
2023-09-22 01:52:14 INFO  ClienteManagerTestCase:68 - ******* Prueba Finalizada *******
2023-09-22 01:55:10 INFO  ClienteManagerTestCase:43 - Inicializando Prueba ...

2023-09-22 01:55:10 INFO  ClienteManagerTestCase:100 - Prueba de Cantidad de Compras....

2023-09-22 01:55:10 ERROR ClienteManagerTestCase:110 - Exception-cantidadDeCompras: Correo o dni repetido
2023-09-22 01:55:10 INFO  ClienteManagerTestCase:78 - Borrando listaClientes....

2023-09-22 01:55:10 INFO  ClienteManagerTestCase:119 - Prueba de Importe recuadado por localidad...
2023-09-22 01:55:10 INFO  ClienteManager:49 - Agregando 1 compra a: name1
2023-09-22 01:55:10 INFO  ClienteManager:49 - Agregando 1 compra a: name1
2023-09-22 01:55:10 INFO  ClienteManager:49 - Agregando 1 compra a: name2
2023-09-22 01:55:10 INFO  ClienteManager:49 - Agregando 1 compra a: name2
2023-09-22 01:55:10 INFO  ClienteManagerTestCase:78 - Borrando listaClientes....

2023-09-22 01:55:10 INFO  ClienteManagerTestCase:85 - Prueba de Registro de Clientes ...

2023-09-22 01:55:10 INFO  ClienteManagerTestCase:78 - Borrando listaClientes....

2023-09-22 01:55:10 INFO  ClienteManagerTestCase:58 - Limpiando Variables ...
2023-09-22 01:55:10 INFO  ClienteManagerTestCase:68 - ******* Prueba Finalizada *******
2023-09-22 01:55:39 INFO  ClienteManagerTestCase:43 - Inicializando Prueba ...

2023-09-22 01:55:39 INFO  ClienteManagerTestCase:100 - Prueba de Cantidad de Compras....

2023-09-22 01:55:39 ERROR ClienteManagerTestCase:110 - Exception-cantidadDeCompras: Correo o dni repetido
2023-09-22 01:55:39 INFO  ClienteManagerTestCase:78 - Borrando listaClientes....

2023-09-22 01:55:39 INFO  ClienteManagerTestCase:119 - Prueba de Importe recuadado por localidad...
2023-09-22 01:55:39 INFO  ClienteManager:49 - Agregando 1 compra a: name1
2023-09-22 01:55:39 INFO  ClienteManager:49 - Agregando 1 compra a: name1
2023-09-22 01:55:39 INFO  ClienteManager:49 - Agregando 1 compra a: name2
2023-09-22 01:55:39 INFO  ClienteManager:49 - Agregando 1 compra a: name2
2023-09-22 01:55:39 INFO  ClienteManagerTestCase:78 - Borrando listaClientes....

2023-09-22 01:55:39 INFO  ClienteManagerTestCase:85 - Prueba de Registro de Clientes ...

2023-09-22 01:55:39 INFO  ClienteManagerTestCase:78 - Borrando listaClientes....

2023-09-22 01:55:39 INFO  ClienteManagerTestCase:58 - Limpiando Variables ...
2023-09-22 01:55:39 INFO  ClienteManagerTestCase:68 - ******* Prueba Finalizada *******
2023-09-22 01:55:51 INFO  ClienteManagerTestCase:43 - Inicializando Prueba ...

2023-09-22 01:55:51 INFO  ClienteManagerTestCase:100 - Prueba de Cantidad de Compras....

2023-09-22 01:55:51 ERROR ClienteManagerTestCase:110 - Exception-cantidadDeCompras: Correo o dni repetido
2023-09-22 01:55:51 INFO  ClienteManagerTestCase:78 - Borrando listaClientes....

2023-09-22 01:55:51 INFO  ClienteManagerTestCase:119 - Prueba de Importe recuadado por localidad...
2023-09-22 01:55:51 INFO  ClienteManager:49 - Agregando 1 compra a: name1
2023-09-22 01:55:51 INFO  ClienteManager:49 - Agregando 1 compra a: name1
2023-09-22 01:55:51 INFO  ClienteManager:49 - Agregando 1 compra a: name2
2023-09-22 01:55:51 INFO  ClienteManager:49 - Agregando 1 compra a: name2
2023-09-22 01:55:51 INFO  ClienteManagerTestCase:78 - Borrando listaClientes....

2023-09-22 01:55:51 INFO  ClienteManagerTestCase:85 - Prueba de Registro de Clientes ...

2023-09-22 01:55:51 INFO  ClienteManagerTestCase:78 - Borrando listaClientes....

2023-09-22 01:55:51 INFO  ClienteManagerTestCase:58 - Limpiando Variables ...
2023-09-22 01:55:51 INFO  ClienteManagerTestCase:68 - ******* Prueba Finalizada *******
